<?xml version="1.0" encoding="UTF-8"?>
<!-- Generated by org.testng.reporters.JUnitReportReporter -->
<testsuite name="masterslavephysical.gridconsole.Testcr" tests="1" time="39.415" ignored="0" failures="0" timestamp="09 Oct 2019 10:50:53 GMT" skipped="0" hostname="F604LTRV" errors="0">
  <testcase name="Accountspagecheck" time="39.415" classname="masterslavephysical.gridconsole.Testcr"/>
</testsuite> <!-- masterslavephysical.gridconsole.Testcr -->
